This is pdfTeX, Version 3.141592653-2.6-1.40.26 (MiKTeX 24.3.31) (preloaded format=pdflatex 2024.4.15)  25 JUN 2024 10:09
entering extended mode
 restricted \write18 enabled.
 %&-line parsing enabled.
**"./Data Race Detection Laptop.tex"
(Data Race Detection Laptop.tex
LaTeX2e <2023-11-01> patch level 1
L3 programming layer <2024-03-14>
(stsreprt.cls
Document Class: stsreprt 

(C:\Users\robin\AppData\Local\Programs\MiKTeX\tex/latex/kvoptions\kvoptions.sty
Package: kvoptions 2022-06-15 v3.15 Key value format for package options (HO)
(C:\Users\robin\AppData\Local\Programs\MiKTeX\tex/latex/graphics\keyval.sty
Package: keyval 2022/05/29 v1.15 key=value parser (DPC)
\KV@toks@=\toks17
)
(C:\Users\robin\AppData\Local\Programs\MiKTeX\tex/generic/ltxcmds\ltxcmds.sty
Package: ltxcmds 2023-12-04 v1.26 LaTeX kernel commands for general use (HO)
)
(C:\Users\robin\AppData\Local\Programs\MiKTeX\tex/latex/kvsetkeys\kvsetkeys.sty
Package: kvsetkeys 2022-10-05 v1.19 Key value parser (HO)
))
(C:\Users\robin\AppData\Local\Programs\MiKTeX\tex/latex/koma-script\scrbook.cls
Document Class: scrbook 2023/07/07 v3.41 KOMA-Script document class (book)

(C:\Users\robin\AppData\Local\Programs\MiKTeX\tex/latex/koma-script\scrkbase.st
y
Package: scrkbase 2023/07/07 v3.41 KOMA-Script package (KOMA-Script-dependent b
asics and keyval usage)

(C:\Users\robin\AppData\Local\Programs\MiKTeX\tex/latex/koma-script\scrbase.sty
Package: scrbase 2023/07/07 v3.41 KOMA-Script package (KOMA-Script-independent 
basics and keyval usage)

(C:\Users\robin\AppData\Local\Programs\MiKTeX\tex/latex/koma-script\scrlfile.st
y
Package: scrlfile 2023/07/07 v3.41 KOMA-Script package (file load hooks)

(C:\Users\robin\AppData\Local\Programs\MiKTeX\tex/latex/koma-script\scrlfile-ho
ok.sty
Package: scrlfile-hook 2023/07/07 v3.41 KOMA-Script package (using LaTeX hooks)


(C:\Users\robin\AppData\Local\Programs\MiKTeX\tex/latex/koma-script\scrlogo.sty
Package: scrlogo 2023/07/07 v3.41 KOMA-Script package (logo)
)))
Applying: [2021/05/01] Usage of raw or classic option list on input line 252.
Already applied: [0000/00/00] Usage of raw or classic option list on input line
 368.
))
(C:\Users\robin\AppData\Local\Programs\MiKTeX\tex/latex/koma-script\tocbasic.st
y
Package: tocbasic 2023/07/07 v3.41 KOMA-Script package (handling toc-files)
\scr@dte@tocline@numberwidth=\skip48
\scr@dte@tocline@numbox=\box51
)
Package tocbasic Info: omitting babel extension for `toc'
(tocbasic)             because of feature `nobabel' available
(tocbasic)             for `toc' on input line 135.
Class scrbook Info: File `scrsize11pt.clo' used instead of
(scrbook)           file `scrsize11.clo' to setup font sizes on input line 2691
.

(C:\Users\robin\AppData\Local\Programs\MiKTeX\tex/latex/koma-script\scrsize11pt
.clo
File: scrsize11pt.clo 2023/07/07 v3.41 KOMA-Script font size class option (11pt
)
)
(C:\Users\robin\AppData\Local\Programs\MiKTeX\tex/latex/koma-script\typearea.st
y
Package: typearea 2023/07/07 v3.41 KOMA-Script package (type area)
\ta@bcor=\skip49
\ta@div=\count188
\ta@hblk=\skip50
\ta@vblk=\skip51
\ta@temp=\skip52
\footheight=\skip53
Package typearea Info: These are the values describing the layout:
(typearea)             DIV  = 10
(typearea)             BCOR = 0.0pt
(typearea)             \paperwidth      = 597.50793pt
(typearea)              \textwidth      = 418.25555pt
(typearea)              DIV departure   = -6%
(typearea)              \evensidemargin = 47.2316pt
(typearea)              \oddsidemargin  = -12.5192pt
(typearea)             \paperheight     = 845.04694pt
(typearea)              \textheight     = 595.80026pt
(typearea)              \topmargin      = -25.16531pt
(typearea)              \headheight     = 17.0pt
(typearea)              \headsep        = 20.40001pt
(typearea)              \topskip        = 11.0pt
(typearea)              \footskip       = 47.6pt
(typearea)              \baselineskip   = 13.6pt
(typearea)              on input line 1799.
)
\c@part=\count189
\c@chapter=\count190
\c@section=\count191
\c@subsection=\count192
\c@subsubsection=\count193
\c@paragraph=\count194
\c@subparagraph=\count195
\scr@dte@chapter@maxnumwidth=\skip54
Class scrbook Info: using compatibility default `afterindent=bysign'
(scrbook)           for `\chapter on input line 5990.
\scr@dte@section@maxnumwidth=\skip55
Class scrbook Info: using compatibility default `runin=bysign'
(scrbook)           for `\section on input line 6001.
Class scrbook Info: using compatibility default `afterindent=bysign'
(scrbook)           for `\section on input line 6001.
\scr@dte@part@maxnumwidth=\skip56
Class scrbook Info: using compatibility default `afterindent=true'
(scrbook)           for `\part on input line 6010.
\scr@dte@subsection@maxnumwidth=\skip57
Class scrbook Info: using compatibility default `runin=bysign'
(scrbook)           for `\subsection on input line 6020.
Class scrbook Info: using compatibility default `afterindent=bysign'
(scrbook)           for `\subsection on input line 6020.
\scr@dte@subsubsection@maxnumwidth=\skip58
Class scrbook Info: using compatibility default `runin=bysign'
(scrbook)           for `\subsubsection on input line 6030.
Class scrbook Info: using compatibility default `afterindent=bysign'
(scrbook)           for `\subsubsection on input line 6030.
\scr@dte@paragraph@maxnumwidth=\skip59
Class scrbook Info: using compatibility default `runin=bysign'
(scrbook)           for `\paragraph on input line 6041.
Class scrbook Info: using compatibility default `afterindent=bysign'
(scrbook)           for `\paragraph on input line 6041.
\scr@dte@subparagraph@maxnumwidth=\skip60
Class scrbook Info: using compatibility default `runin=bysign'
(scrbook)           for `\subparagraph on input line 6051.
Class scrbook Info: using compatibility default `afterindent=bysign'
(scrbook)           for `\subparagraph on input line 6051.
\abovecaptionskip=\skip61
\belowcaptionskip=\skip62
\c@pti@nb@sid@b@x=\box52
Package tocbasic Info: omitting babel extension for `lof'
(tocbasic)             because of feature `nobabel' available
(tocbasic)             for `lof' on input line 7242.
\scr@dte@figure@maxnumwidth=\skip63
\c@figure=\count196
Package tocbasic Info: omitting babel extension for `lot'
(tocbasic)             because of feature `nobabel' available
(tocbasic)             for `lot' on input line 7259.
\scr@dte@table@maxnumwidth=\skip64
\c@table=\count197
Class scrbook Info: Redefining `\numberline' on input line 7430.
\bibindent=\dimen140
)
(C:\Users\robin\AppData\Local\Programs\MiKTeX\tex/latex/koma-script\scrlayer-sc
rpage.sty
Package: scrlayer-scrpage 2023/07/07 v3.41 KOMA-Script package (end user interf
ace for scrlayer)

(C:\Users\robin\AppData\Local\Programs\MiKTeX\tex/latex/koma-script\scrlayer.st
y
Package: scrlayer 2023/07/07 v3.41 KOMA-Script package (defining layers and pag
e styles)
Package scrlayer Info: patching LaTeX kernel macro \pagestyle on input line 218
3.
)
Package scrlayer-scrpage Info: Makeing stand-alone element `pagehead' from
(scrlayer-scrpage)             alias to `pageheadfoot' on input line 1106.
)
1: section
1: chapter
1: chapter
1: section
(C:\Users\robin\AppData\Local\Programs\MiKTeX\tex/latex/graphics\graphicx.sty
Package: graphicx 2021/09/16 v1.2d Enhanced LaTeX Graphics (DPC,SPQR)

(C:\Users\robin\AppData\Local\Programs\MiKTeX\tex/latex/graphics\graphics.sty
Package: graphics 2022/03/10 v1.4e Standard LaTeX Graphics (DPC,SPQR)

(C:\Users\robin\AppData\Local\Programs\MiKTeX\tex/latex/graphics\trig.sty
Package: trig 2021/08/11 v1.11 sin cos tan (DPC)
)
(C:\Users\robin\AppData\Local\Programs\MiKTeX\tex/latex/graphics-cfg\graphics.c
fg
File: graphics.cfg 2016/06/04 v1.11 sample graphics configuration
)
Package graphics Info: Driver file: pdftex.def on input line 107.

(C:\Users\robin\AppData\Local\Programs\MiKTeX\tex/latex/graphics-def\pdftex.def
File: pdftex.def 2022/09/22 v1.2b Graphics/color driver for pdftex
))
\Gin@req@height=\dimen141
\Gin@req@width=\dimen142
) (C:\Users\robin\AppData\Local\Programs\MiKTeX\tex/latex/xcolor\xcolor.sty
Package: xcolor 2023/11/15 v3.01 LaTeX color extensions (UK)

(C:\Users\robin\AppData\Local\Programs\MiKTeX\tex/latex/graphics-cfg\color.cfg
File: color.cfg 2016/01/02 v1.6 sample color configuration
)

! LaTeX Error: Unknown option 'fancyheadings' for package xcolor.

For immediate help type H <return>.
 ...                                              
                                                  
l.266 \edef
           \Gin@driver{\Gin@driver}

LaTeX has been asked to set an option called 'fancyheadings' but the package
"xcolor" has not created an option with this name.


Package xcolor Info: Driver file: pdftex.def on input line 274.
(C:\Users\robin\AppData\Local\Programs\MiKTeX\tex/latex/graphics\mathcolor.ltx)
Package xcolor Info: Model `cmy' substituted by `cmy0' on input line 1350.
Package xcolor Info: Model `hsb' substituted by `rgb' on input line 1354.
Package xcolor Info: Model `RGB' extended on input line 1366.
Package xcolor Info: Model `HTML' substituted by `rgb' on input line 1368.
Package xcolor Info: Model `Hsb' substituted by `hsb' on input line 1369.
Package xcolor Info: Model `tHsb' substituted by `hsb' on input line 1370.
Package xcolor Info: Model `HSB' substituted by `hsb' on input line 1371.
Package xcolor Info: Model `Gray' substituted by `gray' on input line 1372.
Package xcolor Info: Model `wave' substituted by `hsb' on input line 1373.
) (titlepage.sty
Package: titlepage 2013/08/06 v0.4d KOMA presents the title page project 
\c@titlepage=\count198
\titlebox=\box53
) (title-TUHH-STS.def
File: title-TUHH-STS.def 2013/10/25 v0.1 KOMA presents the title page project 
))
(C:\Users\robin\AppData\Local\Programs\MiKTeX\tex/latex/base\inputenc.sty
Package: inputenc 2021/02/14 v1.3d Input encoding file
\inpenc@prehook=\toks18
\inpenc@posthook=\toks19
)
(C:\Users\robin\AppData\Local\Programs\MiKTeX\tex/latex/listings\listings.sty
\lst@mode=\count199
\lst@gtempboxa=\box54
\lst@token=\toks20
\lst@length=\count266
\lst@currlwidth=\dimen143
\lst@column=\count267
\lst@pos=\count268
\lst@lostspace=\dimen144
\lst@width=\dimen145
\lst@newlines=\count269
\lst@lineno=\count270
\lst@maxwidth=\dimen146

(C:\Users\robin\AppData\Local\Programs\MiKTeX\tex/latex/listings\lstpatch.sty
File: lstpatch.sty 2024/03/11 1.10a (Carsten Heinz)
)
(C:\Users\robin\AppData\Local\Programs\MiKTeX\tex/latex/listings\lstmisc.sty
File: lstmisc.sty 2024/03/11 1.10a (Carsten Heinz)
\c@lstnumber=\count271
\lst@skipnumbers=\count272
\lst@framebox=\box55
)
(C:\Users\robin\AppData\Local\Programs\MiKTeX\tex/latex/listings\listings.cfg
File: listings.cfg 2024/03/11 1.10a listings configuration
))
Package: listings 2024/03/11 1.10a (Carsten Heinz)
(C:\Users\robin\AppData\Local\Programs\MiKTeX\tex/latex/amsmath\amsmath.sty
Package: amsmath 2023/05/13 v2.17o AMS math features
\@mathmargin=\skip65

For additional information on amsmath, use the `?' option.
(C:\Users\robin\AppData\Local\Programs\MiKTeX\tex/latex/amsmath\amstext.sty
Package: amstext 2021/08/26 v2.01 AMS text

(C:\Users\robin\AppData\Local\Programs\MiKTeX\tex/latex/amsmath\amsgen.sty
File: amsgen.sty 1999/11/30 v2.0 generic functions
\@emptytoks=\toks21
\ex@=\dimen147
))
(C:\Users\robin\AppData\Local\Programs\MiKTeX\tex/latex/amsmath\amsbsy.sty
Package: amsbsy 1999/11/29 v1.2d Bold Symbols
\pmbraise@=\dimen148
)
(C:\Users\robin\AppData\Local\Programs\MiKTeX\tex/latex/amsmath\amsopn.sty
Package: amsopn 2022/04/08 v2.04 operator names
)
\inf@bad=\count273
LaTeX Info: Redefining \frac on input line 234.
\uproot@=\count274
\leftroot@=\count275
LaTeX Info: Redefining \overline on input line 399.
LaTeX Info: Redefining \colon on input line 410.
\classnum@=\count276
\DOTSCASE@=\count277
LaTeX Info: Redefining \ldots on input line 496.
LaTeX Info: Redefining \dots on input line 499.
LaTeX Info: Redefining \cdots on input line 620.
\Mathstrutbox@=\box56
\strutbox@=\box57
LaTeX Info: Redefining \big on input line 722.
LaTeX Info: Redefining \Big on input line 723.
LaTeX Info: Redefining \bigg on input line 724.
LaTeX Info: Redefining \Bigg on input line 725.
\big@size=\dimen149
LaTeX Font Info:    Redeclaring font encoding OML on input line 743.
LaTeX Font Info:    Redeclaring font encoding OMS on input line 744.
\macc@depth=\count278
LaTeX Info: Redefining \bmod on input line 905.
LaTeX Info: Redefining \pmod on input line 910.
LaTeX Info: Redefining \smash on input line 940.
LaTeX Info: Redefining \relbar on input line 970.
LaTeX Info: Redefining \Relbar on input line 971.
\c@MaxMatrixCols=\count279
\dotsspace@=\muskip16
\c@parentequation=\count280
\dspbrk@lvl=\count281
\tag@help=\toks22
\row@=\count282
\column@=\count283
\maxfields@=\count284
\andhelp@=\toks23
\eqnshift@=\dimen150
\alignsep@=\dimen151
\tagshift@=\dimen152
\tagwidth@=\dimen153
\totwidth@=\dimen154
\lineht@=\dimen155
\@envbody=\toks24
\multlinegap=\skip66
\multlinetaggap=\skip67
\mathdisplay@stack=\toks25
LaTeX Info: Redefining \[ on input line 2953.
LaTeX Info: Redefining \] on input line 2954.
)
(C:\Users\robin\AppData\Local\Programs\MiKTeX\tex/latex/base\fontenc.sty
Package: fontenc 2021/04/29 v2.0v Standard LaTeX package
)
(C:\Users\robin\AppData\Local\Programs\MiKTeX\tex/latex/lm\lmodern.sty
Package: lmodern 2015/05/01 v1.6.1 Latin Modern Fonts
LaTeX Font Info:    Overwriting symbol font `operators' in version `normal'
(Font)                  OT1/cmr/m/n --> OT1/lmr/m/n on input line 22.
LaTeX Font Info:    Overwriting symbol font `letters' in version `normal'
(Font)                  OML/cmm/m/it --> OML/lmm/m/it on input line 23.
LaTeX Font Info:    Overwriting symbol font `symbols' in version `normal'
(Font)                  OMS/cmsy/m/n --> OMS/lmsy/m/n on input line 24.
LaTeX Font Info:    Overwriting symbol font `largesymbols' in version `normal'
(Font)                  OMX/cmex/m/n --> OMX/lmex/m/n on input line 25.
LaTeX Font Info:    Overwriting symbol font `operators' in version `bold'
(Font)                  OT1/cmr/bx/n --> OT1/lmr/bx/n on input line 26.
LaTeX Font Info:    Overwriting symbol font `letters' in version `bold'
(Font)                  OML/cmm/b/it --> OML/lmm/b/it on input line 27.
LaTeX Font Info:    Overwriting symbol font `symbols' in version `bold'
(Font)                  OMS/cmsy/b/n --> OMS/lmsy/b/n on input line 28.
LaTeX Font Info:    Overwriting symbol font `largesymbols' in version `bold'
(Font)                  OMX/cmex/m/n --> OMX/lmex/m/n on input line 29.
LaTeX Font Info:    Overwriting math alphabet `\mathbf' in version `normal'
(Font)                  OT1/cmr/bx/n --> OT1/lmr/bx/n on input line 31.
LaTeX Font Info:    Overwriting math alphabet `\mathsf' in version `normal'
(Font)                  OT1/cmss/m/n --> OT1/lmss/m/n on input line 32.
LaTeX Font Info:    Overwriting math alphabet `\mathit' in version `normal'
(Font)                  OT1/cmr/m/it --> OT1/lmr/m/it on input line 33.
LaTeX Font Info:    Overwriting math alphabet `\mathtt' in version `normal'
(Font)                  OT1/cmtt/m/n --> OT1/lmtt/m/n on input line 34.
LaTeX Font Info:    Overwriting math alphabet `\mathbf' in version `bold'
(Font)                  OT1/cmr/bx/n --> OT1/lmr/bx/n on input line 35.
LaTeX Font Info:    Overwriting math alphabet `\mathsf' in version `bold'
(Font)                  OT1/cmss/bx/n --> OT1/lmss/bx/n on input line 36.
LaTeX Font Info:    Overwriting math alphabet `\mathit' in version `bold'
(Font)                  OT1/cmr/bx/it --> OT1/lmr/bx/it on input line 37.
LaTeX Font Info:    Overwriting math alphabet `\mathtt' in version `bold'
(Font)                  OT1/cmtt/m/n --> OT1/lmtt/m/n on input line 38.
)
(C:\Users\robin\AppData\Local\Programs\MiKTeX\tex/latex/listings\lstlang1.sty
File: lstlang1.sty 2024/03/11 1.10a listings language file
)
LaTeX Font Info:    Trying to load font information for T1+lmr on input line 63
.

(C:\Users\robin\AppData\Local\Programs\MiKTeX\tex/latex/lm\t1lmr.fd
File: t1lmr.fd 2015/05/01 v1.6.1 Font defs for Latin Modern
)
(C:\Users\robin\AppData\Local\Programs\MiKTeX\tex/latex/l3backend\l3backend-pdf
tex.def
File: l3backend-pdftex.def 2024-03-14 L3 backend support: PDF output (pdfTeX)
\l__color_backend_stack_int=\count285
\l__pdf_internal_box=\box58
)

LaTeX Warning: Unused global option(s):
    [fancyheadings].

(Data Race Detection Laptop.aux)
\openout1 = `"Data Race Detection Laptop.aux"'.

LaTeX Font Info:    Checking defaults for OML/cmm/m/it on input line 63.
LaTeX Font Info:    ... okay on input line 63.
LaTeX Font Info:    Checking defaults for OMS/cmsy/m/n on input line 63.
LaTeX Font Info:    ... okay on input line 63.
LaTeX Font Info:    Checking defaults for OT1/cmr/m/n on input line 63.
LaTeX Font Info:    ... okay on input line 63.
LaTeX Font Info:    Checking defaults for T1/cmr/m/n on input line 63.
LaTeX Font Info:    ... okay on input line 63.
LaTeX Font Info:    Checking defaults for TS1/cmr/m/n on input line 63.
LaTeX Font Info:    ... okay on input line 63.
LaTeX Font Info:    Checking defaults for OMX/cmex/m/n on input line 63.
LaTeX Font Info:    ... okay on input line 63.
LaTeX Font Info:    Checking defaults for U/cmr/m/n on input line 63.
LaTeX Font Info:    ... okay on input line 63.
Package scrbase Info: activating english \partname on input line 63.
Package scrbase Info: activating english \chaptername on input line 63.
Package scrbase Info: activating english \appendixname on input line 63.
Package scrbase Info: activating english \figurename on input line 63.
Package scrbase Info: activating english \tablename on input line 63.
Package scrbase Info: activating english \contentsname on input line 63.
Package scrbase Info: activating english \listfigurename on input line 63.
Package scrbase Info: activating english \listtablename on input line 63.
Package scrbase Info: activating english \bibname on input line 63.
Package scrbase Info: activating english \indexname on input line 63.

(C:\Users\robin\AppData\Local\Programs\MiKTeX\tex/context/base/mkii\supp-pdf.mk
ii
[Loading MPS to PDF converter (version 2006.09.02).]
\scratchcounter=\count286
\scratchdimen=\dimen156
\scratchbox=\box59
\nofMPsegments=\count287
\nofMParguments=\count288
\everyMPshowfont=\toks26
\MPscratchCnt=\count289
\MPscratchDim=\dimen157
\MPnumerator=\count290
\makeMPintoPDFobject=\count291
\everyMPtoPDFconversion=\toks27
)
(C:\Users\robin\AppData\Local\Programs\MiKTeX\tex/latex/epstopdf-pkg\epstopdf-b
ase.sty
Package: epstopdf-base 2020-01-24 v2.11 Base part for package epstopdf
Package epstopdf-base Info: Redefining graphics rule for `.eps' on input line 4
85.

(C:\Users\robin\AppData\Local\Programs\MiKTeX\tex/latex/00miktex\epstopdf-sys.c
fg
File: epstopdf-sys.cfg 2021/03/18 v2.0 Configuration of epstopdf for MiKTeX
))
Package scrbase Info: activating english \projectpapername on input line 63.
Package scrbase Info: activating english \seminarpapername on input line 63.
Package scrbase Info: activating english \studentresearchname on input line 63.

Package scrbase Info: activating english \diplomathesisname on input line 63.
Package scrbase Info: activating english \degreethesisname on input line 63.
Package scrbase Info: activating english \masterthesisname on input line 63.
Package scrbase Info: activating english \bachelorthesisname on input line 63.
Package scrbase Info: activating english \ordinal on input line 63.
Package scrbase Info: activating english \presentedbyname on input line 63.
Package scrbase Info: activating english \advisorname on input line 63.
Package scrbase Info: activating english \thename on input line 63.
Package scrbase Info: activating english \ofthename on input line 63.
Package scrbase Info: activating english \fromname on input line 63.
Package scrbase Info: activating english \fromplacename on input line 63.
Package scrbase Info: activating english \refereename on input line 63.
Package scrbase Info: activating english \oralexaminationdatename on input line
 63.
Package scrbase Info: activating english \durationname on input line 63.
Package scrbase Info: activating english \matriculationnumbername on input line
 63.
Package scrbase Info: activating english \coursename on input line 63.
Package scrbase Info: activating english \companyname on input line 63.
Package scrbase Info: activating english \examinationname on input line 63.
\c@lstlisting=\count292
Package tocbasic Info: omitting babel extension for `lol'
(tocbasic)             because of missing \bbl@set@language on input line 63.
\scr@dte@lstlisting@maxnumwidth=\skip68
Package titlepage Info: leaving not defined pre-title page empty on input line 
66.
Package titlepage Info: leaving not defined back of pre-title page empty on inp
ut line 66.
LaTeX Font Info:    Trying to load font information for T1+lmss on input line 6
6.
 (C:\Users\robin\AppData\Local\Programs\MiKTeX\tex/latex/lm\t1lmss.fd
File: t1lmss.fd 2015/05/01 v1.6.1 Font defs for Latin Modern
)
<logo/logo_tuhh.png, id=1, 632.3625pt x 445.665pt>
File: logo/logo_tuhh.png Graphic file (type png)
<use logo/logo_tuhh.png>
Package pdftex.def Info: logo/logo_tuhh.png  used on input line 66.
(pdftex.def)             Requested size: 65.43994pt x 45.52115pt.
LaTeX Font Info:    Trying to load font information for OT1+lmr on input line 6
6.

(C:\Users\robin\AppData\Local\Programs\MiKTeX\tex/latex/lm\ot1lmr.fd
File: ot1lmr.fd 2015/05/01 v1.6.1 Font defs for Latin Modern
)
LaTeX Font Info:    Trying to load font information for OML+lmm on input line 6
6.

(C:\Users\robin\AppData\Local\Programs\MiKTeX\tex/latex/lm\omllmm.fd
File: omllmm.fd 2015/05/01 v1.6.1 Font defs for Latin Modern
)
LaTeX Font Info:    Trying to load font information for OMS+lmsy on input line 
66.

(C:\Users\robin\AppData\Local\Programs\MiKTeX\tex/latex/lm\omslmsy.fd
File: omslmsy.fd 2015/05/01 v1.6.1 Font defs for Latin Modern
)
LaTeX Font Info:    Trying to load font information for OMX+lmex on input line 
66.

(C:\Users\robin\AppData\Local\Programs\MiKTeX\tex/latex/lm\omxlmex.fd
File: omxlmex.fd 2015/05/01 v1.6.1 Font defs for Latin Modern
)
LaTeX Font Info:    External font `lmex10' loaded for size
(Font)              <14.4> on input line 66.
LaTeX Font Info:    External font `lmex10' loaded for size
(Font)              <10> on input line 66.
LaTeX Font Info:    External font `lmex10' loaded for size
(Font)              <7> on input line 66.
LaTeX Font Info:    External font `lmex10' loaded for size
(Font)              <10.95> on input line 66.
LaTeX Font Info:    External font `lmex10' loaded for size
(Font)              <8> on input line 66.
LaTeX Font Info:    External font `lmex10' loaded for size
(Font)              <6> on input line 66.
<logo/logo_sts.png, id=3, 252.2223pt x 271.2534pt>
File: logo/logo_sts.png Graphic file (type png)
<use logo/logo_sts.png>
Package pdftex.def Info: logo/logo_sts.png  used on input line 66.
(pdftex.def)             Requested size: 60.85016pt x 65.44133pt.
 [1




{C:/Users/robin/AppData/Local/MiKTeX/fonts/map/pdftex/pdftex.map}{C:/Users/robi
n/AppData/Local/Programs/MiKTeX/fonts/enc/dvips/lm/lm-ec.enc} <./logo/logo_tuhh
.png> <./logo/logo_sts.png>]
Package titlepage Info: leaving not defined back of main-title page empty on in
put line 66.
Package titlepage Info: leaving not defined post-title page empty on input line
 66.
Package titlepage Info: leaving not defined back of post-title page empty on in
put line 66.
 [2


] (Data Race Detection Laptop.toc)
\tf@toc=\write3
\openout3 = `"Data Race Detection Laptop.toc"'.

<logo/logo_sts_letters.png, id=17, 177.0615pt x 79.9788pt>
File: logo/logo_sts_letters.png Graphic file (type png)
<use logo/logo_sts_letters.png>
Package pdftex.def Info: logo/logo_sts_letters.png  used on input line 67.
(pdftex.def)             Requested size: 14.22636pt x 6.42528pt.
 [3 <./logo/logo_sts_letters.png>] [4


] (Data Race Detection Laptop.lof)
\tf@lof=\write4
\openout4 = `"Data Race Detection Laptop.lof"'.

File: logo/logo_sts_letters.png Graphic file (type png)
<use logo/logo_sts_letters.png>
Package pdftex.def Info: logo/logo_sts_letters.png  used on input line 68.
(pdftex.def)             Requested size: 14.22636pt x 6.42528pt.
 [5] [6


]
chapter 1.
File: logo/logo_sts_letters.png Graphic file (type png)
<use logo/logo_sts_letters.png>
Package pdftex.def Info: logo/logo_sts_letters.png  used on input line 73.
(pdftex.def)             Requested size: 14.22636pt x 6.42528pt.
[1


] [2


]
chapter 2.
LaTeX Font Info:    Trying to load font information for TS1+lmr on input line 8
8.
(C:\Users\robin\AppData\Local\Programs\MiKTeX\tex/latex/lm\ts1lmr.fd
File: ts1lmr.fd 2015/05/01 v1.6.1 Font defs for Latin Modern
)
LaTeX Font Info:    Trying to load font information for T1+lmtt on input line 8
8.

(C:\Users\robin\AppData\Local\Programs\MiKTeX\tex/latex/lm\t1lmtt.fd
File: t1lmtt.fd 2015/05/01 v1.6.1 Font defs for Latin Modern
)
File: logo/logo_sts_letters.png Graphic file (type png)
<use logo/logo_sts_letters.png>
Package pdftex.def Info: logo/logo_sts_letters.png  used on input line 91.
(pdftex.def)             Requested size: 14.22636pt x 6.42528pt.
 [3{C:/Users/robin/AppData/Local/Programs/MiKTeX/fonts/enc/dvips/lm/lm-ts1.enc}
]
File: logo/logo_sts_letters.png Graphic file (type png)
<use logo/logo_sts_letters.png>
Package pdftex.def Info: logo/logo_sts_letters.png  used on input line 104.
(pdftex.def)             Requested size: 14.22636pt x 6.42528pt.
 [4]
Underfull \vbox (badness 1147) has occurred while \output is active []

File: logo/logo_sts_letters.png Graphic file (type png)
<use logo/logo_sts_letters.png>
Package pdftex.def Info: logo/logo_sts_letters.png  used on input line 128.
(pdftex.def)             Requested size: 14.22636pt x 6.42528pt.
 [5]
File: logo/logo_sts_letters.png Graphic file (type png)
<use logo/logo_sts_letters.png>
Package pdftex.def Info: logo/logo_sts_letters.png  used on input line 140.
(pdftex.def)             Requested size: 14.22636pt x 6.42528pt.

[6]
File: logo/logo_sts_letters.png Graphic file (type png)
<use logo/logo_sts_letters.png>
Package pdftex.def Info: logo/logo_sts_letters.png  used on input line 145.
(pdftex.def)             Requested size: 14.22636pt x 6.42528pt.
 [7] [8


]
chapter 3.
File: logo/logo_sts_letters.png Graphic file (type png)
<use logo/logo_sts_letters.png>
Package pdftex.def Info: logo/logo_sts_letters.png  used on input line 196.
(pdftex.def)             Requested size: 14.22636pt x 6.42528pt.
[9]

LaTeX Warning: Command \d invalid in math mode on input line 236.

File: logo/logo_sts_letters.png Graphic file (type png)
<use logo/logo_sts_letters.png>
Package pdftex.def Info: logo/logo_sts_letters.png  used on input line 246.
(pdftex.def)             Requested size: 14.22636pt x 6.42528pt.
[10]
File: logo/logo_sts_letters.png Graphic file (type png)
<use logo/logo_sts_letters.png>
Package pdftex.def Info: logo/logo_sts_letters.png  used on input line 294.
(pdftex.def)             Requested size: 14.22636pt x 6.42528pt.
 [11]
File: logo/logo_sts_letters.png Graphic file (type png)
<use logo/logo_sts_letters.png>
Package pdftex.def Info: logo/logo_sts_letters.png  used on input line 345.
(pdftex.def)             Requested size: 14.22636pt x 6.42528pt.
 [12]
File: logo/logo_sts_letters.png Graphic file (type png)
<use logo/logo_sts_letters.png>
Package pdftex.def Info: logo/logo_sts_letters.png  used on input line 393.
(pdftex.def)             Requested size: 14.22636pt x 6.42528pt.
 [13]
File: logo/logo_sts_letters.png Graphic file (type png)
<use logo/logo_sts_letters.png>
Package pdftex.def Info: logo/logo_sts_letters.png  used on input line 439.
(pdftex.def)             Requested size: 14.22636pt x 6.42528pt.
 [14]
chapter 4.
File: logo/logo_sts_letters.png Graphic file (type png)
<use logo/logo_sts_letters.png>
Package pdftex.def Info: logo/logo_sts_letters.png  used on input line 441.
(pdftex.def)             Requested size: 14.22636pt x 6.42528pt.
[15


] [16


]
chapter 5.
File: logo/logo_sts_letters.png Graphic file (type png)
<use logo/logo_sts_letters.png>
Package pdftex.def Info: logo/logo_sts_letters.png  used on input line 447.
(pdftex.def)             Requested size: 14.22636pt x 6.42528pt.
[17] [18


]
chapter without number
File: logo/logo_sts_letters.png Graphic file (type png)
<use logo/logo_sts_letters.png>
Package pdftex.def Info: logo/logo_sts_letters.png  used on input line 453.
(pdftex.def)             Requested size: 14.22636pt x 6.42528pt.
[19


] [20


]
File: logo/logo_sts_letters.png Graphic file (type png)
<use logo/logo_sts_letters.png>
Package pdftex.def Info: logo/logo_sts_letters.png  used on input line 478.
(pdftex.def)             Requested size: 14.22636pt x 6.42528pt.
 [21] [22


]
chapter without number
File: logo/logo_sts_letters.png Graphic file (type png)
<use logo/logo_sts_letters.png>
Package pdftex.def Info: logo/logo_sts_letters.png  used on input line 528.
(pdftex.def)             Requested size: 14.22636pt x 6.42528pt.
[23]
Underfull \vbox (badness 10000) has occurred while \output is active []

File: logo/logo_sts_letters.png Graphic file (type png)
<use logo/logo_sts_letters.png>
Package pdftex.def Info: logo/logo_sts_letters.png  used on input line 578.
(pdftex.def)             Requested size: 14.22636pt x 6.42528pt.
 [24]
Underfull \vbox (badness 10000) has occurred while \output is active []

File: logo/logo_sts_letters.png Graphic file (type png)
<use logo/logo_sts_letters.png>
Package pdftex.def Info: logo/logo_sts_letters.png  used on input line 629.
(pdftex.def)             Requested size: 14.22636pt x 6.42528pt.
 [25]
Underfull \vbox (badness 10000) has occurred while \output is active []

File: logo/logo_sts_letters.png Graphic file (type png)
<use logo/logo_sts_letters.png>
Package pdftex.def Info: logo/logo_sts_letters.png  used on input line 676.
(pdftex.def)             Requested size: 14.22636pt x 6.42528pt.
 [26]
File: logo/logo_sts_letters.png Graphic file (type png)
<use logo/logo_sts_letters.png>
Package pdftex.def Info: logo/logo_sts_letters.png  used on input line 698.
(pdftex.def)             Requested size: 14.22636pt x 6.42528pt.

[27] (Data Race Detection Laptop.aux)
 ***********
LaTeX2e <2023-11-01> patch level 1
L3 programming layer <2024-03-14>
 ***********
 ) 
Here is how much of TeX's memory you used:
 10077 strings out of 474423
 210865 string characters out of 5741718
 2277496 words of memory out of 5000000
 32317 multiletter control sequences out of 15000+600000
 618961 words of font info for 73 fonts, out of 8000000 for 9000
 1141 hyphenation exceptions out of 8191
 122i,27n,121p,10926b,2327s stack positions out of 10000i,1000n,20000p,200000b,200000s
<C:/Users/robin/AppData/Local/Programs/MiKTeX/fonts/type1/public/lm/lmr10.pfb
><C:/Users/robin/AppData/Local/Programs/MiKTeX/fonts/type1/public/lm/lmr6.pfb><
C:/Users/robin/AppData/Local/Programs/MiKTeX/fonts/type1/public/lm/lmro10.pfb><
C:/Users/robin/AppData/Local/Programs/MiKTeX/fonts/type1/public/lm/lmss10.pfb><
C:/Users/robin/AppData/Local/Programs/MiKTeX/fonts/type1/public/lm/lmss12.pfb><
C:/Users/robin/AppData/Local/Programs/MiKTeX/fonts/type1/public/lm/lmssbx10.pfb
><C:/Users/robin/AppData/Local/Programs/MiKTeX/fonts/type1/public/lm/lmsso10.pf
b><C:/Users/robin/AppData/Local/Programs/MiKTeX/fonts/type1/public/lm/lmtt10.pf
b><C:/Users/robin/AppData/Local/Programs/MiKTeX/fonts/type1/public/lm/lmtt9.pfb
>
Output written on "Data Race Detection Laptop.pdf" (33 pages, 405139 bytes).
PDF statistics:
 165 PDF objects out of 1000 (max. 8388607)
 0 named destinations out of 1000 (max. 500000)
 16 words of extra memory for PDF output out of 10000 (max. 10000000)

